TN:
SF:script/Counter.s.sol
FN:7,CounterScript.setUp
FNDA:0,CounterScript.setUp
FN:9,CounterScript.run
FNDA:0,CounterScript.run
DA:10,0
FNF:2
FNH:0
LF:1
LH:0
BRF:0
BRH:0
end_of_record
TN:
SF:src/Challenge.sol
FN:73,Challenge.allUserPositions
FNDA:0,Challenge.allUserPositions
DA:78,0
DA:81,0
DA:82,0
FN:86,Challenge._getUserData
FNDA:0,Challenge._getUserData
DA:98,0
FN:102,Challenge._getHealthFactor
FNDA:0,Challenge._getHealthFactor
DA:103,0
DA:110,0
DA:112,0
DA:116,0
FN:120,Challenge.buyInsurance
FNDA:0,Challenge.buyInsurance
DA:121,0
DA:128,0
DA:130,0
BRDA:130,0,0,-
BRDA:130,0,1,-
DA:132,0
DA:134,0
BRDA:134,1,0,-
BRDA:134,1,1,-
DA:135,0
BRDA:135,2,0,-
BRDA:135,2,1,-
DA:137,0
DA:141,0
DA:142,0
DA:145,0
DA:147,0
DA:148,0
DA:151,0
FN:162,Challenge.claimInsurance
FNDA:0,Challenge.claimInsurance
DA:165,0
DA:167,0
DA:168,0
DA:169,0
DA:170,0
DA:171,0
DA:173,0
DA:174,0
DA:176,0
DA:177,0
DA:179,0
DA:180,0
FN:184,Challenge.getDataNft
FNDA:0,Challenge.getDataNft
DA:185,0
DA:186,0
DA:188,0
FN:192,Challenge.setInsuranceFee
FNDA:0,Challenge.setInsuranceFee
DA:193,0
FN:196,Challenge.setPolicyPrice
FNDA:0,Challenge.setPolicyPrice
DA:197,0
FNF:8
FNH:0
LF:38
LH:0
BRF:6
BRH:0
end_of_record
TN:
SF:src/Counter.sol
FN:7,Counter.setNumber
FNDA:256,Counter.setNumber
DA:8,256
FN:11,Counter.increment
FNDA:1,Counter.increment
DA:12,1
FNF:2
FNH:2
LF:2
LH:2
BRF:0
BRH:0
end_of_record
TN:
SF:src/GovernorPolicy.sol
FN:32,GovernorPolicy.votingDelay
FNDA:0,GovernorPolicy.votingDelay
DA:38,0
FN:41,GovernorPolicy.votingPeriod
FNDA:0,GovernorPolicy.votingPeriod
DA:47,0
FN:50,GovernorPolicy.quorum
FNDA:0,GovernorPolicy.quorum
DA:58,0
FN:61,GovernorPolicy.state
FNDA:0,GovernorPolicy.state
DA:69,0
FN:72,GovernorPolicy.propose
FNDA:0,GovernorPolicy.propose
DA:78,0
FN:81,GovernorPolicy.proposalThreshold
FNDA:0,GovernorPolicy.proposalThreshold
DA:87,0
FN:90,GovernorPolicy._execute
FNDA:0,GovernorPolicy._execute
DA:97,0
FN:100,GovernorPolicy._cancel
FNDA:0,GovernorPolicy._cancel
DA:106,0
FN:109,GovernorPolicy._executor
FNDA:0,GovernorPolicy._executor
DA:115,0
FN:118,GovernorPolicy.supportsInterface
FNDA:0,GovernorPolicy.supportsInterface
DA:121,0
FNF:10
FNH:0
LF:10
LH:0
BRF:0
BRH:0
end_of_record
TN:
SF:src/PolicyNFT.sol
FN:32,PolicyNFT.safeMint
FNDA:0,PolicyNFT.safeMint
DA:33,0
DA:34,0
DA:35,0
DA:36,0
FN:39,PolicyNFT.burn
FNDA:0,PolicyNFT.burn
DA:40,0
BRDA:40,0,0,-
BRDA:40,0,1,-
DA:44,0
FN:47,PolicyNFT.tokenURI
FNDA:0,PolicyNFT.tokenURI
DA:50,0
BRDA:50,1,0,-
BRDA:50,1,1,-
DA:54,0
DA:55,0
DA:57,0
DA:58,0
FN:67,PolicyNFT._beforeTokenTransfer
FNDA:0,PolicyNFT._beforeTokenTransfer
DA:73,0
BRDA:73,2,0,-
BRDA:73,2,1,-
FN:79,PolicyNFT._afterTokenTransfer
FNDA:0,PolicyNFT._afterTokenTransfer
DA:85,0
BRDA:85,3,0,-
BRDA:85,3,1,-
DA:86,0
DA:87,0
BRDA:87,4,0,-
BRDA:87,4,1,-
DA:88,0
FN:92,PolicyNFT.setPolicyAddress
FNDA:0,PolicyNFT.setPolicyAddress
DA:93,0
FNF:6
FNH:0
LF:17
LH:0
BRF:10
BRH:0
end_of_record
TN:
SF:src/USDCToken.sol
FN:126,Context._msgSender
FNDA:0,Context._msgSender
DA:127,0
FN:130,Context._msgData
FNDA:0,Context._msgData
DA:132,0
FN:177,ERC20.name
FNDA:0,ERC20.name
DA:178,0
FN:185,ERC20.symbol
FNDA:0,ERC20.symbol
DA:186,0
FN:202,ERC20.decimals
FNDA:0,ERC20.decimals
DA:203,0
FN:209,ERC20.totalSupply
FNDA:0,ERC20.totalSupply
DA:210,0
FN:216,ERC20.balanceOf
FNDA:0,ERC20.balanceOf
DA:219,0
FN:230,ERC20.transfer
FNDA:0,ERC20.transfer
DA:234,0
DA:235,0
FN:241,ERC20.allowance
FNDA:0,ERC20.allowance
DA:245,0
FN:255,ERC20.approve
FNDA:0,ERC20.approve
DA:259,0
DA:260,0
FN:276,ERC20.transferFrom
FNDA:0,ERC20.transferFrom
DA:281,0
DA:283,0
DA:284,0
BRDA:284,0,0,-
BRDA:284,0,1,-
DA:288,0
DA:290,0
FN:305,ERC20.increaseAllowance
FNDA:0,ERC20.increaseAllowance
DA:309,0
DA:314,0
FN:331,ERC20.decreaseAllowance
FNDA:0,ERC20.decreaseAllowance
DA:335,0
DA:336,0
BRDA:336,1,0,-
BRDA:336,1,1,-
DA:340,0
DA:342,0
FN:345,ERC20._transfer
FNDA:0,ERC20._transfer
DA:350,0
BRDA:350,2,0,-
BRDA:350,2,1,-
DA:351,0
BRDA:351,3,0,-
BRDA:351,3,1,-
DA:353,0
DA:354,0
BRDA:354,4,0,-
BRDA:354,4,1,-
DA:358,0
DA:359,0
DA:361,0
FN:364,ERC20._approve
FNDA:0,ERC20._approve
DA:369,0
BRDA:369,5,0,-
BRDA:369,5,1,-
DA:370,0
BRDA:370,6,0,-
BRDA:370,6,1,-
DA:372,0
DA:373,0
FNF:15
FNH:0
LF:34
LH:0
BRF:14
BRH:0
end_of_record
